<?xml version="1.0" encoding="UTF-8"?>
<robot generator="Robot 5.0.1 (Python 3.10.5 on darwin)" generated="20220623 12:50:54.071" rpa="false" schemaversion="3">
<suite id="s1" name="Login Tests" source="/Users/gowthamreddy/Desktop/WebDemo-master2/login_tests">
<suite id="s1-s1" name="Gherkin Login" source="/Users/gowthamreddy/Desktop/WebDemo-master2/login_tests/gherkin_login.robot">
<test id="s1-s1-t1" name="Valid Login" line="10">
<kw name="Given browser is opened to login page">
<kw name="Open Browser To Login Page" library="resource">
<kw name="Open Browser" library="SeleniumLibrary">
<arg>${LOGIN URL}</arg>
<arg>${BROWSER}</arg>
<doc>Opens a new browser instance to the optional ``url``.</doc>
<msg timestamp="20220623 12:50:54.284" level="INFO">Opening browser 'Chrome' to base url 'http://localhost:8780/WebGoat/login'.</msg>
<status status="PASS" starttime="20220623 12:50:54.284" endtime="20220623 12:50:56.614"/>
</kw>
<kw name="Maximize Browser Window" library="SeleniumLibrary">
<doc>Maximizes current browser window.</doc>
<status status="PASS" starttime="20220623 12:50:56.615" endtime="20220623 12:50:56.828"/>
</kw>
<kw name="Set Selenium Speed" library="SeleniumLibrary">
<arg>${DELAY}</arg>
<doc>Sets the delay that is waited after each Selenium command.</doc>
<status status="PASS" starttime="20220623 12:50:56.828" endtime="20220623 12:50:56.829"/>
</kw>
<kw name="Login Page Should Be Open" library="resource">
<kw name="Title Should Be" library="SeleniumLibrary">
<arg>Login Page</arg>
<doc>Verifies that the current page title equals ``title``.</doc>
<msg timestamp="20220623 12:50:57.837" level="INFO">Page title is 'Login Page'.</msg>
<status status="PASS" starttime="20220623 12:50:56.829" endtime="20220623 12:50:57.837"/>
</kw>
<status status="PASS" starttime="20220623 12:50:56.829" endtime="20220623 12:50:57.838"/>
</kw>
<status status="PASS" starttime="20220623 12:50:54.283" endtime="20220623 12:50:57.838"/>
</kw>
<status status="PASS" starttime="20220623 12:50:54.283" endtime="20220623 12:50:57.838"/>
</kw>
<kw name="When user &quot;demo&quot; logs in with password &quot;mode&quot;" sourcename="User &quot;${username}&quot; logs in with password &quot;${password}&quot;">
<kw name="Input Username" library="resource">
<arg>${username}</arg>
<kw name="Input Text" library="SeleniumLibrary">
<arg>exampleInputEmail1</arg>
<arg>${username}</arg>
<doc>Types the given ``text`` into the text field identified by ``locator``.</doc>
<msg timestamp="20220623 12:50:57.841" level="INFO">Typing text 'demo' into text field 'exampleInputEmail1'.</msg>
<status status="PASS" starttime="20220623 12:50:57.840" endtime="20220623 12:51:00.937"/>
</kw>
<status status="PASS" starttime="20220623 12:50:57.839" endtime="20220623 12:51:00.937"/>
</kw>
<kw name="Input Password" library="resource">
<arg>${password}</arg>
<kw name="Input Text" library="SeleniumLibrary">
<arg>exampleInputPassword1</arg>
<arg>${password}</arg>
<doc>Types the given ``text`` into the text field identified by ``locator``.</doc>
<msg timestamp="20220623 12:51:00.938" level="INFO">Typing text 'mode' into text field 'exampleInputPassword1'.</msg>
<status status="PASS" starttime="20220623 12:51:00.938" endtime="20220623 12:51:04.014"/>
</kw>
<status status="PASS" starttime="20220623 12:51:00.938" endtime="20220623 12:51:04.015"/>
</kw>
<kw name="Submit Credentials" library="resource">
<kw name="Click Button" library="SeleniumLibrary">
<arg>//button[@class="btn btn-primary btn-block"]</arg>
<doc>Clicks the button identified by ``locator``.</doc>
<msg timestamp="20220623 12:51:04.016" level="INFO">Clicking button '//button[@class="btn btn-primary btn-block"]'.</msg>
<status status="PASS" starttime="20220623 12:51:04.015" endtime="20220623 12:51:09.258"/>
</kw>
<status status="PASS" starttime="20220623 12:51:04.015" endtime="20220623 12:51:09.258"/>
</kw>
<status status="PASS" starttime="20220623 12:50:57.839" endtime="20220623 12:51:09.258"/>
</kw>
<kw name="Then welcome page should be open" library="resource">
<kw name="Location Should Be" library="SeleniumLibrary">
<arg>${WELCOME URL}</arg>
<doc>Verifies that the current URL is exactly ``url``.</doc>
<msg timestamp="20220623 12:51:11.737" level="INFO" html="true">&lt;/td&gt;&lt;/tr&gt;&lt;tr&gt;&lt;td colspan="3"&gt;&lt;a href="selenium-screenshot-5.png"&gt;&lt;img src="selenium-screenshot-5.png" width="800px"&gt;&lt;/a&gt;</msg>
<msg timestamp="20220623 12:51:11.737" level="FAIL">Location should have been 'http://localhost:8780/WebGoat/start.mvc#lesson/WebGoatIntroduction.lesson' but was 'http://localhost:8780/WebGoat/login?error'.</msg>
<status status="FAIL" starttime="20220623 12:51:09.259" endtime="20220623 12:51:11.741"/>
</kw>
<kw name="Title Should Be" library="SeleniumLibrary">
<arg>Welcome Page</arg>
<doc>Verifies that the current page title equals ``title``.</doc>
<status status="NOT RUN" starttime="20220623 12:51:11.741" endtime="20220623 12:51:11.741"/>
</kw>
<status status="FAIL" starttime="20220623 12:51:09.259" endtime="20220623 12:51:11.742"/>
</kw>
<kw name="Close Browser" library="SeleniumLibrary" type="TEARDOWN">
<doc>Closes the current browser.</doc>
<status status="PASS" starttime="20220623 12:51:11.742" endtime="20220623 12:51:12.810"/>
</kw>
<status status="FAIL" starttime="20220623 12:50:54.282" endtime="20220623 12:51:12.810">Location should have been 'http://localhost:8780/WebGoat/start.mvc#lesson/WebGoatIntroduction.lesson' but was 'http://localhost:8780/WebGoat/login?error'.</status>
</test>
<doc>A test suite with a single Gherkin style test.

This test is functionally identical to the example in
valid_login.robot file.</doc>
<status status="FAIL" starttime="20220623 12:50:54.092" endtime="20220623 12:51:12.811"/>
</suite>
<suite id="s1-s2" name="Invalid Login" source="/Users/gowthamreddy/Desktop/WebDemo-master2/login_tests/invalid_login.robot">
<kw name="Open Browser To Login Page" library="resource" type="SETUP">
<kw name="Open Browser" library="SeleniumLibrary">
<arg>${LOGIN URL}</arg>
<arg>${BROWSER}</arg>
<doc>Opens a new browser instance to the optional ``url``.</doc>
<msg timestamp="20220623 12:51:12.816" level="INFO">Opening browser 'Chrome' to base url 'http://localhost:8780/WebGoat/login'.</msg>
<status status="PASS" starttime="20220623 12:51:12.816" endtime="20220623 12:51:15.994"/>
</kw>
<kw name="Maximize Browser Window" library="SeleniumLibrary">
<doc>Maximizes current browser window.</doc>
<status status="PASS" starttime="20220623 12:51:15.994" endtime="20220623 12:51:17.133"/>
</kw>
<kw name="Set Selenium Speed" library="SeleniumLibrary">
<arg>${DELAY}</arg>
<doc>Sets the delay that is waited after each Selenium command.</doc>
<status status="PASS" starttime="20220623 12:51:17.134" endtime="20220623 12:51:17.134"/>
</kw>
<kw name="Login Page Should Be Open" library="resource">
<kw name="Title Should Be" library="SeleniumLibrary">
<arg>Login Page</arg>
<doc>Verifies that the current page title equals ``title``.</doc>
<msg timestamp="20220623 12:51:18.143" level="INFO">Page title is 'Login Page'.</msg>
<status status="PASS" starttime="20220623 12:51:17.135" endtime="20220623 12:51:18.144"/>
</kw>
<status status="PASS" starttime="20220623 12:51:17.134" endtime="20220623 12:51:18.144"/>
</kw>
<status status="PASS" starttime="20220623 12:51:12.816" endtime="20220623 12:51:18.144"/>
</kw>
<test id="s1-s2-t1" name="Invalid Username" line="17">
<kw name="Go To Login Page" library="resource" type="SETUP">
<kw name="Go To" library="SeleniumLibrary">
<arg>${LOGIN URL}</arg>
<doc>Navigates the current browser window to the provided ``url``.</doc>
<msg timestamp="20220623 12:51:18.146" level="INFO">Opening url 'http://localhost:8780/WebGoat/login'</msg>
<status status="PASS" starttime="20220623 12:51:18.146" endtime="20220623 12:51:19.185"/>
</kw>
<kw name="Login Page Should Be Open" library="resource">
<kw name="Title Should Be" library="SeleniumLibrary">
<arg>Login Page</arg>
<doc>Verifies that the current page title equals ``title``.</doc>
<msg timestamp="20220623 12:51:20.193" level="INFO">Page title is 'Login Page'.</msg>
<status status="PASS" starttime="20220623 12:51:19.186" endtime="20220623 12:51:20.194"/>
</kw>
<status status="PASS" starttime="20220623 12:51:19.185" endtime="20220623 12:51:20.194"/>
</kw>
<status status="PASS" starttime="20220623 12:51:18.145" endtime="20220623 12:51:20.194"/>
</kw>
<kw name="Login With Invalid Credentials Should Fail">
<arg>invalid</arg>
<arg>${VALID PASSWORD}</arg>
<kw name="Input Username" library="resource">
<arg>${username}</arg>
<kw name="Input Text" library="SeleniumLibrary">
<arg>exampleInputEmail1</arg>
<arg>${username}</arg>
<doc>Types the given ``text`` into the text field identified by ``locator``.</doc>
<msg timestamp="20220623 12:51:20.196" level="INFO">Typing text 'invalid' into text field 'exampleInputEmail1'.</msg>
<status status="PASS" starttime="20220623 12:51:20.196" endtime="20220623 12:51:23.293"/>
</kw>
<status status="PASS" starttime="20220623 12:51:20.195" endtime="20220623 12:51:23.294"/>
</kw>
<kw name="Input Password" library="resource">
<arg>${password}</arg>
<kw name="Input Text" library="SeleniumLibrary">
<arg>exampleInputPassword1</arg>
<arg>${password}</arg>
<doc>Types the given ``text`` into the text field identified by ``locator``.</doc>
<msg timestamp="20220623 12:51:23.294" level="INFO">Typing text 'webgoat' into text field 'exampleInputPassword1'.</msg>
<status status="PASS" starttime="20220623 12:51:23.294" endtime="20220623 12:51:26.355"/>
</kw>
<status status="PASS" starttime="20220623 12:51:23.294" endtime="20220623 12:51:26.355"/>
</kw>
<kw name="Submit Credentials" library="resource">
<kw name="Click Button" library="SeleniumLibrary">
<arg>//button[@class="btn btn-primary btn-block"]</arg>
<doc>Clicks the button identified by ``locator``.</doc>
<msg timestamp="20220623 12:51:26.357" level="INFO">Clicking button '//button[@class="btn btn-primary btn-block"]'.</msg>
<status status="PASS" starttime="20220623 12:51:26.356" endtime="20220623 12:51:31.577"/>
</kw>
<status status="PASS" starttime="20220623 12:51:26.356" endtime="20220623 12:51:31.578"/>
</kw>
<kw name="Login Should Have Failed">
<kw name="Location Should Be" library="SeleniumLibrary">
<arg>${ERROR URL}</arg>
<doc>Verifies that the current URL is exactly ``url``.</doc>
<msg timestamp="20220623 12:51:32.587" level="INFO">Current location is 'http://localhost:8780/WebGoat/login?error'.</msg>
<status status="PASS" starttime="20220623 12:51:31.578" endtime="20220623 12:51:32.587"/>
</kw>
<kw name="Title Should Be" library="SeleniumLibrary">
<arg>Error Page</arg>
<doc>Verifies that the current page title equals ``title``.</doc>
<msg timestamp="20220623 12:51:35.156" level="INFO" html="true">&lt;/td&gt;&lt;/tr&gt;&lt;tr&gt;&lt;td colspan="3"&gt;&lt;a href="selenium-screenshot-6.png"&gt;&lt;img src="selenium-screenshot-6.png" width="800px"&gt;&lt;/a&gt;</msg>
<msg timestamp="20220623 12:51:35.157" level="FAIL">Title should have been 'Error Page' but was 'Login Page'.</msg>
<status status="FAIL" starttime="20220623 12:51:32.587" endtime="20220623 12:51:35.157"/>
</kw>
<status status="FAIL" starttime="20220623 12:51:31.578" endtime="20220623 12:51:35.158"/>
</kw>
<status status="FAIL" starttime="20220623 12:51:20.195" endtime="20220623 12:51:35.159"/>
</kw>
<status status="FAIL" starttime="20220623 12:51:18.145" endtime="20220623 12:51:35.159">Title should have been 'Error Page' but was 'Login Page'.</status>
</test>
<test id="s1-s2-t2" name="Invalid Password" line="18">
<kw name="Go To Login Page" library="resource" type="SETUP">
<kw name="Go To" library="SeleniumLibrary">
<arg>${LOGIN URL}</arg>
<doc>Navigates the current browser window to the provided ``url``.</doc>
<msg timestamp="20220623 12:51:35.161" level="INFO">Opening url 'http://localhost:8780/WebGoat/login'</msg>
<status status="PASS" starttime="20220623 12:51:35.161" endtime="20220623 12:51:36.222"/>
</kw>
<kw name="Login Page Should Be Open" library="resource">
<kw name="Title Should Be" library="SeleniumLibrary">
<arg>Login Page</arg>
<doc>Verifies that the current page title equals ``title``.</doc>
<msg timestamp="20220623 12:51:37.228" level="INFO">Page title is 'Login Page'.</msg>
<status status="PASS" starttime="20220623 12:51:36.222" endtime="20220623 12:51:37.228"/>
</kw>
<status status="PASS" starttime="20220623 12:51:36.222" endtime="20220623 12:51:37.229"/>
</kw>
<status status="PASS" starttime="20220623 12:51:35.160" endtime="20220623 12:51:37.229"/>
</kw>
<kw name="Login With Invalid Credentials Should Fail">
<arg>${VALID USER}</arg>
<arg>invalid</arg>
<kw name="Input Username" library="resource">
<arg>${username}</arg>
<kw name="Input Text" library="SeleniumLibrary">
<arg>exampleInputEmail1</arg>
<arg>${username}</arg>
<doc>Types the given ``text`` into the text field identified by ``locator``.</doc>
<msg timestamp="20220623 12:51:37.231" level="INFO">Typing text 'webgoat' into text field 'exampleInputEmail1'.</msg>
<status status="PASS" starttime="20220623 12:51:37.230" endtime="20220623 12:51:40.297"/>
</kw>
<status status="PASS" starttime="20220623 12:51:37.230" endtime="20220623 12:51:40.297"/>
</kw>
<kw name="Input Password" library="resource">
<arg>${password}</arg>
<kw name="Input Text" library="SeleniumLibrary">
<arg>exampleInputPassword1</arg>
<arg>${password}</arg>
<doc>Types the given ``text`` into the text field identified by ``locator``.</doc>
<msg timestamp="20220623 12:51:40.298" level="INFO">Typing text 'invalid' into text field 'exampleInputPassword1'.</msg>
<status status="PASS" starttime="20220623 12:51:40.298" endtime="20220623 12:51:43.372"/>
</kw>
<status status="PASS" starttime="20220623 12:51:40.297" endtime="20220623 12:51:43.372"/>
</kw>
<kw name="Submit Credentials" library="resource">
<kw name="Click Button" library="SeleniumLibrary">
<arg>//button[@class="btn btn-primary btn-block"]</arg>
<doc>Clicks the button identified by ``locator``.</doc>
<msg timestamp="20220623 12:51:43.373" level="INFO">Clicking button '//button[@class="btn btn-primary btn-block"]'.</msg>
<status status="PASS" starttime="20220623 12:51:43.373" endtime="20220623 12:51:48.581"/>
</kw>
<status status="PASS" starttime="20220623 12:51:43.372" endtime="20220623 12:51:48.582"/>
</kw>
<kw name="Login Should Have Failed">
<kw name="Location Should Be" library="SeleniumLibrary">
<arg>${ERROR URL}</arg>
<doc>Verifies that the current URL is exactly ``url``.</doc>
<msg timestamp="20220623 12:51:49.590" level="INFO">Current location is 'http://localhost:8780/WebGoat/login?error'.</msg>
<status status="PASS" starttime="20220623 12:51:48.583" endtime="20220623 12:51:49.590"/>
</kw>
<kw name="Title Should Be" library="SeleniumLibrary">
<arg>Error Page</arg>
<doc>Verifies that the current page title equals ``title``.</doc>
<msg timestamp="20220623 12:51:52.056" level="INFO" html="true">&lt;/td&gt;&lt;/tr&gt;&lt;tr&gt;&lt;td colspan="3"&gt;&lt;a href="selenium-screenshot-7.png"&gt;&lt;img src="selenium-screenshot-7.png" width="800px"&gt;&lt;/a&gt;</msg>
<msg timestamp="20220623 12:51:52.057" level="FAIL">Title should have been 'Error Page' but was 'Login Page'.</msg>
<status status="FAIL" starttime="20220623 12:51:49.590" endtime="20220623 12:51:52.057"/>
</kw>
<status status="FAIL" starttime="20220623 12:51:48.582" endtime="20220623 12:51:52.058"/>
</kw>
<status status="FAIL" starttime="20220623 12:51:37.229" endtime="20220623 12:51:52.059"/>
</kw>
<status status="FAIL" starttime="20220623 12:51:35.160" endtime="20220623 12:51:52.059">Title should have been 'Error Page' but was 'Login Page'.</status>
</test>
<test id="s1-s2-t3" name="Invalid Username And Password" line="19">
<kw name="Go To Login Page" library="resource" type="SETUP">
<kw name="Go To" library="SeleniumLibrary">
<arg>${LOGIN URL}</arg>
<doc>Navigates the current browser window to the provided ``url``.</doc>
<msg timestamp="20220623 12:51:52.060" level="INFO">Opening url 'http://localhost:8780/WebGoat/login'</msg>
<status status="PASS" starttime="20220623 12:51:52.060" endtime="20220623 12:51:53.150"/>
</kw>
<kw name="Login Page Should Be Open" library="resource">
<kw name="Title Should Be" library="SeleniumLibrary">
<arg>Login Page</arg>
<doc>Verifies that the current page title equals ``title``.</doc>
<msg timestamp="20220623 12:51:54.160" level="INFO">Page title is 'Login Page'.</msg>
<status status="PASS" starttime="20220623 12:51:53.151" endtime="20220623 12:51:54.160"/>
</kw>
<status status="PASS" starttime="20220623 12:51:53.151" endtime="20220623 12:51:54.160"/>
</kw>
<status status="PASS" starttime="20220623 12:51:52.060" endtime="20220623 12:51:54.160"/>
</kw>
<kw name="Login With Invalid Credentials Should Fail">
<arg>invalid</arg>
<arg>whatever</arg>
<kw name="Input Username" library="resource">
<arg>${username}</arg>
<kw name="Input Text" library="SeleniumLibrary">
<arg>exampleInputEmail1</arg>
<arg>${username}</arg>
<doc>Types the given ``text`` into the text field identified by ``locator``.</doc>
<msg timestamp="20220623 12:51:54.162" level="INFO">Typing text 'invalid' into text field 'exampleInputEmail1'.</msg>
<status status="PASS" starttime="20220623 12:51:54.161" endtime="20220623 12:51:57.233"/>
</kw>
<status status="PASS" starttime="20220623 12:51:54.161" endtime="20220623 12:51:57.234"/>
</kw>
<kw name="Input Password" library="resource">
<arg>${password}</arg>
<kw name="Input Text" library="SeleniumLibrary">
<arg>exampleInputPassword1</arg>
<arg>${password}</arg>
<doc>Types the given ``text`` into the text field identified by ``locator``.</doc>
<msg timestamp="20220623 12:51:57.235" level="INFO">Typing text 'whatever' into text field 'exampleInputPassword1'.</msg>
<status status="PASS" starttime="20220623 12:51:57.234" endtime="20220623 12:52:00.303"/>
</kw>
<status status="PASS" starttime="20220623 12:51:57.234" endtime="20220623 12:52:00.303"/>
</kw>
<kw name="Submit Credentials" library="resource">
<kw name="Click Button" library="SeleniumLibrary">
<arg>//button[@class="btn btn-primary btn-block"]</arg>
<doc>Clicks the button identified by ``locator``.</doc>
<msg timestamp="20220623 12:52:00.304" level="INFO">Clicking button '//button[@class="btn btn-primary btn-block"]'.</msg>
<msg timestamp="20220623 12:52:02.852" level="WARN">Retrying (Retry(total=2, connect=None, read=None, redirect=None, status=None)) after connection broken by 'ProtocolError('Connection aborted.', ConnectionResetError(54, 'Connection reset by peer'))': /session/638133a061303960683a910123bb3ce9/screenshot</msg>
<msg timestamp="20220623 12:52:02.854" level="WARN">Retrying (Retry(total=1, connect=None, read=None, redirect=None, status=None)) after connection broken by 'NewConnectionError('&lt;urllib3.connection.HTTPConnection object at 0x1046ac070&gt;: Failed to establish a new connection: [Errno 61] Connection refused')': /session/638133a061303960683a910123bb3ce9/screenshot</msg>
<msg timestamp="20220623 12:52:02.855" level="WARN">Retrying (Retry(total=0, connect=None, read=None, redirect=None, status=None)) after connection broken by 'NewConnectionError('&lt;urllib3.connection.HTTPConnection object at 0x1046ac1c0&gt;: Failed to establish a new connection: [Errno 61] Connection refused')': /session/638133a061303960683a910123bb3ce9/screenshot</msg>
<msg timestamp="20220623 12:52:02.856" level="WARN">Keyword 'Capture Page Screenshot' could not be run on failure: HTTPConnectionPool(host='localhost', port=56268): Max retries exceeded with url: /session/638133a061303960683a910123bb3ce9/screenshot (Caused by NewConnectionError('&lt;urllib3.connection.HTTPConnection object at 0x10469c310&gt;: Failed to establish a new connection: [Errno 61] Connection refused'))</msg>
<status status="FAIL" starttime="20220623 12:52:00.304" endtime="20220623 12:52:02.857"/>
</kw>
<status status="FAIL" starttime="20220623 12:52:00.303" endtime="20220623 12:52:02.857"/>
</kw>
<kw name="Login Should Have Failed">
<status status="NOT RUN" starttime="20220623 12:52:02.857" endtime="20220623 12:52:02.857"/>
</kw>
<status status="FAIL" starttime="20220623 12:51:54.160" endtime="20220623 12:52:02.857"/>
</kw>
<status status="FAIL" starttime="20220623 12:51:52.059" endtime="20220623 12:52:02.858">Execution terminated by signal</status>
</test>
<test id="s1-s2-t4" name="Empty Username" line="20">
<tag>robot:exit</tag>
<status status="FAIL" starttime="20220623 12:52:02.858" endtime="20220623 12:52:02.859">Test execution stopped due to a fatal error.</status>
</test>
<test id="s1-s2-t5" name="Empty Password" line="21">
<tag>robot:exit</tag>
<status status="FAIL" starttime="20220623 12:52:02.859" endtime="20220623 12:52:02.860">Test execution stopped due to a fatal error.</status>
</test>
<test id="s1-s2-t6" name="Empty Username And Password" line="22">
<tag>robot:exit</tag>
<status status="FAIL" starttime="20220623 12:52:02.860" endtime="20220623 12:52:02.861">Test execution stopped due to a fatal error.</status>
</test>
<kw name="Close Browser" library="SeleniumLibrary" type="TEARDOWN">
<doc>Closes the current browser.</doc>
<msg timestamp="20220623 12:52:02.863" level="WARN">Retrying (Retry(total=2, connect=None, read=None, redirect=None, status=None)) after connection broken by 'NewConnectionError('&lt;urllib3.connection.HTTPConnection object at 0x10469e8f0&gt;: Failed to establish a new connection: [Errno 61] Connection refused')': /session/638133a061303960683a910123bb3ce9</msg>
<msg timestamp="20220623 12:52:02.864" level="WARN">Retrying (Retry(total=1, connect=None, read=None, redirect=None, status=None)) after connection broken by 'NewConnectionError('&lt;urllib3.connection.HTTPConnection object at 0x1045fe230&gt;: Failed to establish a new connection: [Errno 61] Connection refused')': /session/638133a061303960683a910123bb3ce9</msg>
<msg timestamp="20220623 12:52:02.865" level="WARN">Retrying (Retry(total=0, connect=None, read=None, redirect=None, status=None)) after connection broken by 'NewConnectionError('&lt;urllib3.connection.HTTPConnection object at 0x1045fef50&gt;: Failed to establish a new connection: [Errno 61] Connection refused')': /session/638133a061303960683a910123bb3ce9</msg>
<status status="PASS" starttime="20220623 12:52:02.861" endtime="20220623 12:52:02.867"/>
</kw>
<doc>A test suite containing tests related to invalid login.

These tests are data-driven by their nature. They use a single
keyword, specified with Test Template setting, that is called
with different arguments to cover different scenarios.

This suite also demonstrates using setups and teardowns in
different levels.</doc>
<status status="FAIL" starttime="20220623 12:51:12.812" endtime="20220623 12:52:02.867"/>
</suite>
<suite id="s1-s3" name="Login Page" source="/Users/gowthamreddy/Desktop/WebDemo-master2/login_tests/login_page.robot">
<test id="s1-s3-t1" name="Valid Login" line="12">
<tag>robot:exit</tag>
<status status="FAIL" starttime="20220623 12:52:02.869" endtime="20220623 12:52:02.870">Test execution stopped due to a fatal error.</status>
</test>
<doc>A test suite containing tests related to login page.

This test has a workflow that is created using keywords in
the imported resource file.</doc>
<status status="FAIL" starttime="20220623 12:52:02.869" endtime="20220623 12:52:02.870"/>
</suite>
<suite id="s1-s4" name="Valid Login" source="/Users/gowthamreddy/Desktop/WebDemo-master2/login_tests/valid_login.robot">
<test id="s1-s4-t1" name="Valid Login" line="9">
<tag>robot:exit</tag>
<status status="FAIL" starttime="20220623 12:52:02.872" endtime="20220623 12:52:02.872">Test execution stopped due to a fatal error.</status>
</test>
<doc>A test suite with a single test for valid login.

This test has a workflow that is created using keywords in
the imported resource file.</doc>
<status status="FAIL" starttime="20220623 12:52:02.871" endtime="20220623 12:52:02.873"/>
</suite>
<status status="FAIL" starttime="20220623 12:50:54.072" endtime="20220623 12:52:02.874"/>
</suite>
<statistics>
<total>
<stat pass="0" fail="9" skip="0">All Tests</stat>
</total>
<tag>
<stat pass="0" fail="4" skip="0" info="combined" combined="NOT robot:exit">NOT robot:exit</stat>
</tag>
<suite>
<stat pass="0" fail="9" skip="0" id="s1" name="Login Tests">Login Tests</stat>
<stat pass="0" fail="1" skip="0" id="s1-s1" name="Gherkin Login">Login Tests.Gherkin Login</stat>
<stat pass="0" fail="6" skip="0" id="s1-s2" name="Invalid Login">Login Tests.Invalid Login</stat>
<stat pass="0" fail="1" skip="0" id="s1-s3" name="Login Page">Login Tests.Login Page</stat>
<stat pass="0" fail="1" skip="0" id="s1-s4" name="Valid Login">Login Tests.Valid Login</stat>
</suite>
</statistics>
<errors>
<msg timestamp="20220623 12:52:02.852" level="WARN">Retrying (Retry(total=2, connect=None, read=None, redirect=None, status=None)) after connection broken by 'ProtocolError('Connection aborted.', ConnectionResetError(54, 'Connection reset by peer'))': /session/638133a061303960683a910123bb3ce9/screenshot</msg>
<msg timestamp="20220623 12:52:02.854" level="WARN">Retrying (Retry(total=1, connect=None, read=None, redirect=None, status=None)) after connection broken by 'NewConnectionError('&lt;urllib3.connection.HTTPConnection object at 0x1046ac070&gt;: Failed to establish a new connection: [Errno 61] Connection refused')': /session/638133a061303960683a910123bb3ce9/screenshot</msg>
<msg timestamp="20220623 12:52:02.855" level="WARN">Retrying (Retry(total=0, connect=None, read=None, redirect=None, status=None)) after connection broken by 'NewConnectionError('&lt;urllib3.connection.HTTPConnection object at 0x1046ac1c0&gt;: Failed to establish a new connection: [Errno 61] Connection refused')': /session/638133a061303960683a910123bb3ce9/screenshot</msg>
<msg timestamp="20220623 12:52:02.856" level="WARN">Keyword 'Capture Page Screenshot' could not be run on failure: HTTPConnectionPool(host='localhost', port=56268): Max retries exceeded with url: /session/638133a061303960683a910123bb3ce9/screenshot (Caused by NewConnectionError('&lt;urllib3.connection.HTTPConnection object at 0x10469c310&gt;: Failed to establish a new connection: [Errno 61] Connection refused'))</msg>
<msg timestamp="20220623 12:52:02.863" level="WARN">Retrying (Retry(total=2, connect=None, read=None, redirect=None, status=None)) after connection broken by 'NewConnectionError('&lt;urllib3.connection.HTTPConnection object at 0x10469e8f0&gt;: Failed to establish a new connection: [Errno 61] Connection refused')': /session/638133a061303960683a910123bb3ce9</msg>
<msg timestamp="20220623 12:52:02.864" level="WARN">Retrying (Retry(total=1, connect=None, read=None, redirect=None, status=None)) after connection broken by 'NewConnectionError('&lt;urllib3.connection.HTTPConnection object at 0x1045fe230&gt;: Failed to establish a new connection: [Errno 61] Connection refused')': /session/638133a061303960683a910123bb3ce9</msg>
<msg timestamp="20220623 12:52:02.865" level="WARN">Retrying (Retry(total=0, connect=None, read=None, redirect=None, status=None)) after connection broken by 'NewConnectionError('&lt;urllib3.connection.HTTPConnection object at 0x1045fef50&gt;: Failed to establish a new connection: [Errno 61] Connection refused')': /session/638133a061303960683a910123bb3ce9</msg>
</errors>
</robot>
